2026-06-26T16:21:34.431+08:00  INFO 15316 --- [church-backend] [main] c.c.c.ChurchBackendApplication           : Starting ChurchBackendApplication using Java 25.0.2 with PID 15316 (C:\Users\emmanuel chiutsi\Pictures\church-backend\target\classes started by emmanuel chiutsi in C:\Users\emmanuel chiutsi\Pictures\church-backend)
2026-06-26T16:21:34.438+08:00  INFO 15316 --- [church-backend] [main] c.c.c.ChurchBackendApplication           : No active profile set, falling back to 1 default profile: "default"
2026-06-26T16:21:36.562+08:00  INFO 15316 --- [church-backend] [main] .s.d.r.c.RepositoryConfigurationDelegate : Bootstrapping Spring Data JPA repositories in DEFAULT mode.
2026-06-26T16:21:36.713+08:00  INFO 15316 --- [church-backend] [main] .s.d.r.c.RepositoryConfigurationDelegate : Finished Spring Data repository scanning in 130 ms. Found 5 JPA repository interfaces.
2026-06-26T16:21:37.697+08:00  INFO 15316 --- [church-backend] [main] o.s.boot.tomcat.TomcatWebServer          : Tomcat initialized with port 8080 (http)
2026-06-26T16:21:37.729+08:00  INFO 15316 --- [church-backend] [main] o.apache.catalina.core.StandardService   : Starting service [Tomcat]
2026-06-26T16:21:37.729+08:00  INFO 15316 --- [church-backend] [main] o.apache.catalina.core.StandardEngine    : Starting Servlet engine: [Apache Tomcat/11.0.22]
2026-06-26T16:21:37.861+08:00  INFO 15316 --- [church-backend] [main] b.w.c.s.WebApplicationContextInitializer : Root WebApplicationContext: initialization completed in 3264 ms
2026-06-26T16:21:38.246+08:00  INFO 15316 --- [church-backend] [main] org.hibernate.orm.jpa                    : HHH008540: Processing PersistenceUnitInfo [name: default]
2026-06-26T16:21:38.391+08:00  INFO 15316 --- [church-backend] [main] org.hibernate.orm.core                   : HHH000001: Hibernate ORM core version 7.4.1.Final
2026-06-26T16:21:39.212+08:00  INFO 15316 --- [church-backend] [main] o.s.o.j.p.SpringPersistenceUnitInfo      : No LoadTimeWeaver setup: ignoring JPA class transformer
2026-06-26T16:21:39.283+08:00  INFO 15316 --- [church-backend] [main] com.zaxxer.hikari.HikariDataSource       : HikariPool-1 - Starting...
2026-06-26T16:21:39.451+08:00  INFO 15316 --- [church-backend] [main] com.zaxxer.hikari.pool.HikariPool        : HikariPool-1 - Added connection org.sqlite.jdbc4.JDBC4Connection@7f53fc38
2026-06-26T16:21:39.457+08:00  INFO 15316 --- [church-backend] [main] com.zaxxer.hikari.HikariDataSource       : HikariPool-1 - Start completed.
2026-06-26T16:21:39.547+08:00  INFO 15316 --- [church-backend] [main] org.hibernate.orm.connections.pooling    : HHH10001005: Database info:
	Database JDBC URL [jdbc:sqlite:church.db]
	Database driver: SQLite JDBC
	Database dialect: SQLiteDialect
	Database version: 3.53.2
	Default catalog/schema: undefined/undefined
	Autocommit mode: undefined/unknown
	Isolation level: SERIALIZABLE [default SERIALIZABLE]
	JDBC fetch size: none
	Pool: DataSourceConnectionProvider
	Minimum pool size: undefined/unknown
	Maximum pool size: undefined/unknown
2026-06-26T16:21:41.166+08:00  INFO 15316 --- [church-backend] [main] org.hibernate.orm.core                   : HHH000489: No JTA platform available (set 'hibernate.transaction.jta.platform' to enable JTA platform integration)
2026-06-26T16:21:41.307+08:00  INFO 15316 --- [church-backend] [main] j.LocalContainerEntityManagerFactoryBean : Initialized JPA EntityManagerFactory for persistence unit 'default'
2026-06-26T16:21:41.513+08:00  INFO 15316 --- [church-backend] [main] o.s.d.j.r.query.QueryEnhancerFactories   : Hibernate is in classpath; If applicable, HQL parser will be used.
2026-06-26T16:21:42.122+08:00  WARN 15316 --- [church-backend] [main] JpaBaseConfiguration$JpaWebConfiguration : spring.jpa.open-in-view is enabled by default. Therefore, database queries may be performed during view rendering. Explicitly configure spring.jpa.open-in-view to disable this warning
2026-06-26T16:21:42.239+08:00  WARN 15316 --- [church-backend] [main] .s.a.UserDetailsServiceAutoConfiguration : 

Using generated security password: 98e11ee4-4924-47f0-a97a-40f5b85a0e2c

This generated password is for development use only. Your security configuration must be updated before running your application in production.

2026-06-26T16:21:42.253+08:00  INFO 15316 --- [church-backend] [main] r$InitializeUserDetailsManagerConfigurer : Global AuthenticationManager configured with UserDetailsService bean with name inMemoryUserDetailsManager
2026-06-26T16:21:42.951+08:00  INFO 15316 --- [church-backend] [main] o.s.boot.tomcat.TomcatWebServer          : Tomcat started on port 8080 (http) with context path '/'
2026-06-26T16:21:42.960+08:00  INFO 15316 --- [church-backend] [main] c.c.c.ChurchBackendApplication           : Started ChurchBackendApplication in 9.442 seconds (process running for 10.203)
2026-06-26T16:22:44.327+08:00  INFO 15316 --- [church-backend] [SpringApplicationShutdownHook] o.s.boot.tomcat.GracefulShutdown         : Commencing graceful shutdown. Waiting for active requests to complete
2026-06-26T16:22:44.399+08:00  INFO 15316 --- [church-backend] [tomcat-shutdown] o.s.boot.tomcat.GracefulShutdown         : Graceful shutdown complete
2026-06-26T16:22:44.444+08:00  INFO 15316 --- [church-backend] [SpringApplicationShutdownHook] j.LocalContainerEntityManagerFactoryBean : Closing JPA EntityManagerFactory for persistence unit 'default'
2026-06-26T16:22:44.451+08:00  INFO 15316 --- [church-backend] [SpringApplicationShutdownHook] com.zaxxer.hikari.HikariDataSource       : HikariPool-1 - Shutdown initiated...
2026-06-26T16:22:44.459+08:00  INFO 15316 --- [church-backend] [SpringApplicationShutdownHook] com.zaxxer.hikari.HikariDataSource       : HikariPool-1 - Shutdown completed.
